[  0.000 Iitiazi cgrp bsysput
[  00000 Itialincgoup bs cpu[   0.000] Itilizi coup suyspuac
   0000] Luxersi 4.0127-nec (bldlc01-a6423) ccersin 4. 20160(Ubuu 4.0-buu1~104)  #153-unu SMSaMay  158:4UT208 (Unt4.4.12153-enic4.4.8)
[   00000] Coan lin BT_IME=oo/vmluz.4.027enriro=LBEcldig-rofso cooltty1cool=tty
  0.0000KERN spoted us
[  0.000]  Inl enuiInl

  0.000]  AMD thencA
[  00000] Ceaur Ceauauls[  0.000 x86puxsate_fs[2]:57 xstteizs[2] 2
[   .0000]86pu Suppoti XAVE ate 0x: x87 oang poi regsts'
[  0.0000x8fp: Suorng XVEeaure 02'SSEegters
[  0.00] 86puSupprtg SAVEeare 04:AV risrs
[  00000 x/fpu: abed xat featus 7, cte sizis32 byt, ing taard'ort.
  .00000 x/fpuUsg 'ly'PU cte sitch.[   0.000] e820: BIOS-rodephysalAM m:    0000] IOe80: [m 00000000000-x000000009ff usae[   .0000]IOe820[m 0x00000009f0-x00000009ff]eserd[   .0000]IOe80: [m 0000000f000x00000000ff] rerv
[  00000] OSe80:[memx000000100-0x00003ffff] sabl
[  0.00] BI-e0: [m 000000ff000-000000ffff] PIata   0.000 BIOe820[memx00000ec00-0x0000fecff rserv
   0.000 BIOe8: [m 000000f0000-000000f00f]rerv
    0000] OS820:me0x000000ffc00-000000ffffff rerve
[  .0000]X (Ecu Dsabl ptectn:ctve
  0.0000 SIOS 5 esen
  0.0000Hypeis dtect: M
[  .0000]e8: ast_n 0x3ff0axarchfn  0x0000
[  00000] TRR:isled   0.000  x8PA MTR dable sppinPAinitlitionoo
[    0000] U RR allla - vtuizd syem
[  0.0000] 6/T: Cfirati [-7: WB  T C- U W  WTUC UC 
  0.0000founSMMP-tlet [mm 009ff0x009ff] ppedt ff880009f0]   0.000] canng area forow morcorrti
[   .0000]AMSK [me0xab40-07551f]
[  0.0000] PI Ear tle chesu vericion saed
  0.0000 AI: RP 0000000E00 00004 (v VX  )[   0.00] AC: DT 0x00003F00 000C 01 VX VBOXDT00001 L 000006
    0000 ACP FP 0x0000FFF00 00F4v0VBOX VXFAC000000 ASL000061
[  0.00] ACPI DT x00000FFF00 21F (v VX   OXOS 0002 NTL 1028)   0.000 ACP FS x00000FFF00 000   0.000 ACP FCS 0000003F00 0004
[   0000] ACP: IC0x000003FF02 005C 02BO   VXAC 0000 AL 0006)  0.0000ACPISS 000003FF00 01C 01BO   OXUT 00000INTL01528)[   0.00] NoUMcofiguraonfoun
  0.0000 Fing no a [me0x000000000-0x00003ffeff
[   0.00] NO_DA() allote [me0xfeb0-0fffff]
   00000kvm-oc Usi ms b5641 d 4b4d
[   .0000]kvclck: u  msr:3e301, imy cpclk
[  0000 k-cock:usg chedfft of491167ycs
[  0.00000]losour: m-clk:as: 0xffffffff mx_cyes0x1c2eff, x_le_n 8595914 n
[    0000] Ze ngs:
  0.0000  MA    em0x00000000000x000000fffff][  0.000   D32  mem 00000000000x00003ffeff
[    0000]  oral  pt
[  00000] Dece  mp
    0000] vae oneta foracnoe
[  0.0000Eay meryod rans[   .0000] ne    [m x00000000010-00000009eff
   0000]  od  0:me0x00000000000x0000ffff]
[   00000]niem setup ne  [me0x000000100-0x00003fff]
[  00000]CP PM-meIO Pt:x400
[   .0000]OAPI0]apicd  veron2,addrs fec000GS 0-2
[  0.00] CPI:INT_C_VRbu0 usrq gobalrq dfl d)[   .0000]CP IT_SROV(bus b_irq 9lol_ir9 w evel
[  0.0000UsinAC (MA) r MPonguatioinrmatio
[  0.0000 smpotAllong CUs, 0 tpug Cs[   .0000]M:egster nave mo: [m 0000000x000ff
  0.0000PM: gierd noavmemo: em0x09000x09ff]
  0.00000]M:egster nave mo: mem 000000x0efff]   0.000 PM:egterenovememo: em 000f0000-0x000fffff]
[    0.000000] e0:mem 40000-0xbfff] aible orCIdevis[   .0000]oongpaviuaizederl onVM
[  0.0000 ccksocerefid-ffesma: xfffffmax_cl: 0xffff maxdlns: 459602168s
[  .00000sep_pepuNR_CPUS:51nr_cma_bts:5 ncpu_s:nrnodeds
[  00000] RC: Emdd 3 pag/c @ff883f0000s944 r923152u18576[   0.00] PVsplok ha tle eri: 25 (orr:0, 46 tes)[   0.00] But zoelis iNoderd, obily oupi o  Tol ge: 2512
[  0.0000Pocyzone: A3
[    0000 Kerl mmanli: OOT_AG/boovmliuz-4.027-ger rot=LELloudg-ots roonle=t1 nsle=tS0
[  0.0000] D sh tlentie 46 (oer3, 368yts)
  0.0000 Mory:0048/10481K vaille(8537Kerl co, 13K da, 00 rat, 15K it, 16bs, 462Kesrved0Kma-rerd)
[  0.0000SL: HWaln=, Orr=3, MObct=0, Us2, Nes
[  00000] rn/Usepa tabs oltionenled   0.000 Hiercca RCUmpmentio
    0000] uid-ime jumentf affano t64.   0.000 	RCreritingPUfromR_US512 tor_pu_i=2
[   0.000]RCU:djting gmey forcfano_lf=4, ncpids=
[   00000]R_RQS:02nrirqs406
[  .0000]onle: lo VA+ 825
[  0.0000cool [tt1] ebled[   0.00] cool[tyS0]naed
  0.00000] tsc: Detected 2808.004 MHz processor
[   32.946658] Calibrating delay loop (skipped) preset value.. 5616.00 BogoMIPS (lpj=11232016)
[   33.244801] pid_max: default: 32768 minimum: 301
[   33.405794] ACPI: Core revision 20150930
[   33.546598] ACPI: 2 ACPI AML tables successfully acquired and loaded
[   33.753955] Security Framework initialized
[   33.895865] Yama: becoming mindful.
[   34.016592] AppArmor: AppArmor initialized
[   34.158170] Dentry cache hash table entries: 131072 (order: 8, 1048576 bytes)
[   34.398993] Inode-cache hash table entries: 65536 (order: 7, 524288 bytes)
[   34.643305] Mount-cache hash table entries: 2048 (order: 2, 16384 bytes)
[   34.882307] Mountpoint-cache hash table entries: 2048 (order: 2, 16384 bytes)
[   35.118752] Initializing cgroup subsys io
[   35.267870] Initializing cgroup subsys memory
[   35.443544] Initializing cgroup subsys devices
[   35.610413] Initializing cgroup subsys freezer
[   35.769703] Initializing cgroup subsys net_cls
[   35.924671] Initializing cgroup subsys perf_event
[   36.067211] Initializing cgroup subsys net_prio
[   36.220515] Initializing cgroup subsys hugetlb
[   36.370136] Initializing cgroup subsys pids
[   36.502662] CPU: Physical Processor ID: 0
[   36.646892] CPU: Processor Core ID: 0
[   36.787520] mce: CPU supports 0 MCE banks
[   36.920639] Last level iTLB entries: 4KB 64, 2MB 8, 4MB 8
[   37.106705] Last level dTLB entries: 4KB 64, 2MB 0, 4MB 0, 1GB 4
[   37.309641] Spectre V2 : Mitigation: Full generic retpoline
[   37.508735] Spectre V2 : Speculation control IBPB not-supported IBRS not-supported
[   37.754721] Spectre V2 : Filling RSB on context switch
[   37.908929] Speculative Store Bypass: Vulnerable
[   38.079756] Freeing SMP alternatives memory: 32K
[   38.224688] ftrace: allocating 32237 entries in 126 pages
[   38.456427] smpboot: APIC(0) Converting physical 0 to logical package 0
[   38.685814] smpboot: Max logical packages: 1
[   38.833360] x2apic enabled
[   38.934832] Switched APIC routing to physical x2apic.
[   39.117139] ..TIMER: vector=0x30 apic1=0 pin1=2 apic2=-1 pin2=-1
[   39.418520] smpboot: CPU0: Intel(R) Core(TM) i7-7700HQ CPU @ 2.80GHz (family: 0x6, model: 0x9e, stepping: 0x9)
[   39.787684] Performance Events: unsupported p6 CPU model 158 no PMU driver, software events only.
[   40.098175] KVM setup paravirtual spinlock
[   40.236340] x86: Booting SMP configuration:
[   40.387944] .... node  #0, CPUs:      #1
[   40.519680] kvm-clock: cpu 1, msr 0:3ffe3041, secondary cpu clock
[   40.706057] mce: CPU supports 0 MCE banks
[   40.842454] x86: Booted up 1 node, 2 CPUs
[   40.985426] smpboot: Total of 2 processors activated (11232.01 BogoMIPS)
[   41.220938] devtmpfs: initialized
[   41.340859] evm: security.selinux
[   41.466363] evm: security.SMACK64
[   41.587614] evm: security.SMACK64EXEC
[   41.720634] evm: security.SMACK64TRANSMUTE
[   41.868697] evm: security.SMACK64MMAP
[   41.989508] evm: security.ima
[   42.095867] evm: security.capability
[   42.222996] clocksource: jiffies: mask: 0xffffffff max_cycles: 0xffffffff, max_idle_ns: 7645041785100000 ns
[   42.571606] futex hash table entries: 512 (order: 3, 32768 bytes)
[   42.806609] pinctrl core: initialized pinctrl subsystem
[   42.989051] RTC time: 13:44:03, date: 06/08/18
[   43.151153] NET: Registered protocol family 16
[   43.210619] cpuidle: using governor ladder
[   43.374854] cpuidle: using governor menu
[   43.478487] PCCT header not found.
[   43.540049] ACPI: bus type PCI registered
[   43.682513] acpiphp: ACPI Hot Plug PCI Controller Driver version: 0.5
[   43.922765] PCI: Using configuration type 1 for base access
[   44.145898] ACPI: Added _OSI(Module Device)
[   44.284758] ACPI: Added _OSI(Processor Device)
[   44.435118] ACPI: Added _OSI(3.0 _SCP Extensions)
[   44.580542] ACPI: Added _OSI(Processor Aggregator Device)
[   44.786992] ACPI: Executed 1 blocks of module-level executable AML code
[   45.025631] ACPI: Interpreter enabled
[   45.154573] ACPI: (supports S0 S5)
[   45.198214] ACPI: Using IOAPIC for interrupt routing
[   45.375609] PCI: Using host bridge windows from ACPI; if necessary, use "pci=nocrs" and report a bug
[   45.662120] ACPI: PCI Root Bridge [PCI0] (domain 0000 [bus 00-ff])
[   45.886451] acpi PNP0A03:00: _OSC: OS supports [ASPM ClockPM Segments MSI]
[   46.119757] acpi PNP0A03:00: _OSC: not requesting OS control; OS requires [ExtendedConfig ASPM ClockPM MSI]
[   46.434250] acpi PNP0A03:00: fail to add MMCONFIG information, can't access extended PCI configuration space under this bridge.
[   46.853193] PCI host bridge to bus 0000:00
[   47.010803] pci_bus 0000:00: root bus resource [io  0x0000-0x0cf7 window]
[   47.259612] pci_bus 0000:00: root bus resource [io  0x0d00-0xffff window]
[   47.507689] pci_bus 0000:00: root bus resource [mem 0x000a0000-0x000bffff window]
[   47.775271] pci_bus 0000:00: root bus resource [mem 0x40000000-0xfdffffff window]
[   48.039686] pci_bus 0000:00: root bus resource [bus 00-ff]
[   48.239964] pci 0000:00:01.1: legacy IDE quirk: reg 0x10: [io  0x01f0-0x01f7]
[   48.477698] pci 0000:00:01.1: legacy IDE quirk: reg 0x14: [io  0x03f6]
[   48.729967] pci 0000:00:01.1: legacy IDE quirk: reg 0x18: [io  0x0170-0x0177]
[   48.958923] pci 0000:00:01.1: legacy IDE quirk: reg 0x1c: [io  0x0376]
[   49.175192] pci 0000:00:07.0: quirk: [io  0x4000-0x403f] claimed by PIIX4 ACPI
[   49.368923] pci 0000:00:07.0: quirk: [io  0x4100-0x410f] claimed by PIIX4 SMB
[   49.607732] ACPI: PCI Interrupt Link [LNKA] (IRQs 5 9 10 *11)
[   49.782917] ACPI: PCI Interrupt Link [LNKB] (IRQs 5 9 *10 11)
[   49.918488] ACPI: PCI Interrupt Link [LNKC] (IRQs 5 *9 10 11)
[   50.104078] ACPI: PCI Interrupt Link [LNKD] (IRQs 5 9 10 *11)
[   50.281630] ACPI: Enabled 2 GPEs in block 00 to 07
[   50.422185] vgaarb: setting as boot device: PCI:0000:00:02.0
[   50.549970] vgaarb: device added: PCI:0000:00:02.0,decodes=io+mem,owns=io+mem,locks=none
[   50.837086] vgaarb: loaded
[   50.903120] vgaarb: bridge control possible 0000:00:02.0
[   51.097705] SCSI subsystem initialized
[   51.223455] ACPI: bus type USB registered
[   51.330713] usbcore: registered new interface driver usbfs
[   51.445909] usbcore: registered new interface driver hub
[   51.543535] usbcore: registered new device driver usb
[   51.624454] PCI: Using ACPI for IRQ routing
[   51.775020] NetLabel: Initializing
[   51.882090] NetLabel:  domain hash size = 128
[   51.995352] NetLabel:  protocols = UNLABELED CIPSOv4
[   52.165204] NetLabel:  unlabeled traffic allowed by default
[   52.348863] amd_nb: Cannot enumerate AMD northbridges
[   52.477624] clocksource: Switched to clocksource kvm-clock
[ 52771]ppmo AArr lest Ebl
  3.92] p: P AI it[ 53779]npPnAC: un3 vis
[   54.244922] clocksource: acpi_pm: mask: 0xffffff max_cycles: 0xffffff, max_idle_ns: 2085701024 ns
[   54.528356] NET: Registered protocol family 2
[   54.679430] TCP established hash table entries: 8192 (order: 4, 65536 bytes)
[   54.922475] TCP bind hash table entries: 8192 (order: 5, 131072 bytes)
[   55.126631] TCP: Hash tables configured (established 8192 bind 8192)
[   55.373358] UDP hash table entries: 512 (order: 2, 16384 bytes)
[   55.600811] UDP-Lite hash table entries: 512 (order: 2, 16384 bytes)
[   55.842835] NET: Registered protocol family 1
[   56.015524] pci 0000:00:00.0: Limiting direct PCI/PCI transfers
[   56.206970] pci 0000:00:01.0: Activating ISA DMA hang workarounds
[   56.370165] Unpacking initramfs...
[   58.183722] Freeing initrd memory: 10872K
[   58.261447] platform rtc_cmos: registered platform RTC device (no PNP device found)
[   58.503592] Scanning for low memory corruption every 60 seconds
[   58.740907] audit: initializing netlink subsys (disabled)
[   58.945090] audit: type=2000 audit(1528465413.806:1): initialized
[   59.198503] Initialise system trusted keyring
[   59.373030] tsc: Refined TSC clocksource calibration: 2808.298 MHz
[   59.567242] clocksource: tsc: mask: 0xffffffffffffffff max_cycles: 0x287adf8c6c9, max_idle_ns: 440795258888 ns
[   59.567407] HugeTLB registered 2 MB page size, pre-allocated 0 pages
[   59.568483] zbud: loaded
[   59.568790] VFS: Disk quotas dquot_6.6.0
[   59.568812] VFS: Dquot-cache hash table entries: 512 (order 0, 4096 bytes)
[   59.568988] squashfs: version 4.0 (2009/01/31) Phillip Lougher
[   59.971611] fuse init (API version 7.23)
[   59.971743] Key type big_key registered
[   59.971761] Allocating IMA MOK and blacklist keyrings.
[   59.971972] Key type asymmetric registered
[   59.971975] Asymmetric key parser 'x509' registered
[   59.972001] Block layer SCSI generic (bsg) driver version 0.4 loaded (major 249)
[   59.972016] io scheduler noop registered
[   59.972017] io scheduler deadline registered (default)
[   59.972038] io scheduler cfq registered
[   59.972104] pci_hotplug: PCI Hot Plug PCI Core version: 0.5
[   59.972108] pciehp: PCI Express Hot Plug Controller Driver version: 0.4
[   59.972208] ACPI: AC Adapter [AC] (on-line)
[   59.972248] input: Power Button as /devices/LNXSYSTM:00/LNXPWRBN:00/input/input0
[   59.972250] ACPI: Power Button [PWRF]
[   59.972302] input: Sleep Button as /devices/LNXSYSTM:00/LNXSLPBN:00/input/input1
[   59.972303] ACPI: Sleep Button [SLPF]
[   59.972407] GHES: HEST is not enabled!
[   59.973007] ACPI: Battery Slot [BAT0] (battery present)
[   59.973032] Serial: 8250/16550 driver, 32 ports, IRQ sharing enabled
[   60.240590] 00:02: ttyS0 at I/O 0x3f8 (irq = 4, base_baud = 115200) is a 16550A
[   60.319935] Linux agpgart interface v0.103
[   60.460143] loop: module loaded
[   60.460760] scsi host0: ata_piix
[   60.460891] scsi host1: ata_piix
[   60.460922] ata1: PATA max UDMA/33 cmd 0x1f0 ctl 0x3f6 bmdma 0xd000 irq 14
[   60.460923] ata2: PATA max UDMA/33 cmd 0x170 ctl 0x376 bmdma 0xd008 irq 15
[   60.460999] libphy: Fixed MDIO Bus: probed
[   60.461001] tun: Universal TUN/TAP device driver, 1.6
[   60.461001] tun: (C) 1999-2004 Max Krasnyansky <maxk@qualcomm.com>
[   60.461385] PPP generic driver version 2.4.2
[   60.461457] ehci_hcd: USB 2.0 'Enhanced' Host Controller (EHCI) Driver
[   60.461460] ehci-pci: EHCI PCI platform driver
[   60.461467] ehci-platform: EHCI generic platform driver
[   60.461473] ohci_hcd: USB 1.1 'Open' Host Controller (OHCI) Driver
[   60.461475] ohci-pci: OHCI PCI platform driver
[   60.461481] ohci-platform: OHCI generic platform driver
[   60.461486] uhci_hcd: USB Universal Host Controller Interface driver
[   60.461524] i8042: PNP: PS/2 Controller [PNP0303:PS2K,PNP0f03:PS2M] at 0x60,0x64 irq 1,12
[   60.462070] serio: i8042 KBD port at 0x60,0x64 irq 1
[   60.462074] serio: i8042 AUX port at 0x60,0x64 irq 12
[   60.462188] mousedev: PS/2 mouse device common for all mice
[   60.462576] input: AT Translated Set 2 keyboard as /devices/platform/i8042/serio0/input/input2
[   60.462884] rtc_cmos rtc_cmos: rtc core: registered rtc_cmos as rtc0
[   60.462929] rtc_cmos rtc_cmos: alarms up to one day, 114 bytes nvram
[   60.462933] i2c /dev entries driver
[   60.462971] device-mapper: uevent: version 1.0.3
[   60.463011] device-mapper: ioctl: 4.34.0-ioctl (2015-10-28) initialised: dm-devel@redhat.com
[   60.463025] ledtrig-cpu: registered to indicate activity on CPUs
[   60.463452] NET: Registered protocol family 10
[   60.463550] NET: Registered protocol family 17
[   60.463557] Key type dns_resolver registered
[   60.463711] registered taskstats version 1
[   60.463726] Loading compiled-in X.509 certificates
[   60.464246] Loaded X.509 cert 'Build time autogenerated kernel key: 9f6f572a3ee0cb468eb8db4aa61815bc74ef6adb'
[   60.464261] zswap: loaded using pool lzo/zbud
[   60.465316] Key type trusted registered
[   60.467130] Key type encrypted registered
[   60.467134] AppArmor: AppArmor sha1 policy hashing enabled
[   60.467136] ima: No TPM chip found, activating TPM-bypass!
[   60.467150] evm: HMAC attrs: 0x1
[   60.467327]   Magic number: 6:662:735
[   60.498435] rtc_cmos rtc_cmos: setting system clock to 2018-06-08 13:44:20 UTC (1528465460)
[   60.498520] BIOS EDD facility v0.16 2004-Jun-25, 0 devices found
[   60.498521] EDD information not available.
[   72.428939] Freeing unused kernel memory: 1512K
[   72.578271] Write protecting the kernel read-only data: 14336k
[   72.774706] Freeing unused kernel memory: 1692K
[   72.921059] Freeing unused kernel memory: 96K
Loading, please [   73.079043] random: systemd-udevd: uninitialized urandom read (16 bytes read, 7 bits of entropy available)
wait...
startin[   73.079533] random: udevadm: uninitialized urandom read (16 bytes read, 7 bits of entropy available)
g version 229
[   73.079548] random: udevadm: uninitialized urandom read (16 bytes read, 7 bits of entropy available)
[   73.085798] random: udevadm: uninitialized urandom read (16 bytes read, 7 bits of entropy available)
[   73.085829] random: udevadm: uninitialized urandom read (16 bytes read, 7 bits of entropy available)
[   73.085953] random: udevadm: uninitialized urandom read (16 bytes read, 7 bits of entropy available)
[   73.085990] random: udevadm: uninitialized urandom read (16 bytes read, 7 bits of entropy available)
[   73.086024] random: udevadm: uninitialized urandom read (16 bytes read, 7 bits of entropy available)
[   73.086058] random: udevadm: uninitialized urandom read (16 bytes read, 7 bits of entropy available)
[   73.086090] random: udevadm: uninitialized urandom read (16 bytes read, 7 bits of entropy available)
[   76.325911] e1000: Intel(R) PRO/1000 Network Driver - version 7.3.21-k8-NAPI
[   76.562143] e1000: Copyright (c) 1999-2006 Intel Corporation.
[   76.755922] Fusion MPT base driver 3.04.20
[   76.890136] Copyright (c) 1999-2008 LSI Corporation
[   77.044936] AVX2 version of gcm_enc/dec engaged.
[   77.218093] AES CTR mode by8 optimization enabled
[   77.373598] input: ImExPS/2 Generic Explorer Mouse as /devices/platform/i8042/serio1/input/input4
[   77.549521] Fusion MPT SPI Host driver 3.04.20
[   77.705649] e1000 0000:00:03.0 eth0: (PCI:33MHz:32-bit) 02:ff:33:8f:0e:5d
[   77.947587] e1000 0000:00:03.0 eth0: Intel(R) PRO/1000 Network Connection
[   78.205497] e1000 0000:00:03.0 enp0s3: renamed from eth0
[   78.390239] mptbase: ioc0: Initiating bringup
[   78.609893] ioc0: LSI53C1030 A0: Capabilities={Initiator}
[   78.952742] scsi host2: ioc0: LSI53C1030 A0, FwRev=00000000h, Ports=1, MaxQ=256, IRQ=20
[   79.379433] scsi 2:0:0:0: Direct-Access     VBOX     HARDDISK         1.0  PQ: 0 ANSI: 5
[   79.653231] scsi target2:0:0: Beginning Domain Validation
[   79.820559] scsi target2:0:0: Domain Validation skipping write tests
[   80.131348] scsi target2:0:0: Ending Domain Validation
[   80.305051] scsi target2:0:0: asynchronous
[   80.428759] scsi 2:0:1:0: Direct-Access     VBOX     HARDDISK         1.0  PQ: 0 ANSI: 5
[   81.142559] scsi target2:0:1: Beginning Domain Validation
[   81.302539] scsi target2:0:1: Domain Validation skipping write tests
[   82.094832] scsi target2:0:1: Ending Domain Validation
[   82.259139] scsi target2:0:1: asynchronous
[   82.293725] sd 2:0:0:0: [sda] 20971520 512-byte logical blocks: (10.7 GB/10.0 GiB)
[   82.293827] sd 2:0:0:0: Attached scsi generic sg0 type 0
[   82.574299] sd 2:0:1:0: Attached scsi generic sg1 type 0
[   82.928272] sd 2:0:1:0: [sdb] 20480 512-byte logical blocks: (10.5 MB/10.0 MiB)
[   83.133005] sd 2:0:0:0: [sda] Write Protect is off
[   83.307458] sd 2:0:1:0: [sdb] Write Protect is off
[   83.486684] sd 2:0:0:0: [sda] Incomplete mode parameter data
[   83.490609] sd 2:0:1:0: [sdb] Incomplete mode parameter data
[   83.490611] sd 2:0:1:0: [sdb] Assuming drive cache: write through
[   83.701716] sd 2:0:1:0: [sdb] Attached SCSI disk
[   84.327999] sd 2:0:0:0: [sda] Assuming drive cache: write through
[   84.566950]  sda: sda1
[   84.654984] sd 2:0:0:0: [sda] Attached SCSI disk
Begin: Loading e[   86.131750] md: linear personality registered for level -1
ssential drivers[   86.363857] md: multipath personality registered for level -4
 ... [   86.569964] md: raid0 personality registered for level 0
[   86.801178] md: raid1 personality registered for level 1
[   86.997639] raid6: sse2x1   gen() 11450 MB/s
[   87.206440] raid6: sse2x1   xor()  8063 MB/s
[   87.429929] raid6: sse2x2   gen() 13617 MB/s
[   87.654439] raid6: sse2x2   xor() 10002 MB/s
[   87.866218] raid6: sse2x4   gen() 16240 MB/s
[   88.085837] raid6: sse2x4   xor() 10447 MB/s
[   88.297632] raid6: avx2x1   gen() 21410 MB/s
[   88.506447] raid6: avx2x2   gen() 25414 MB/s
[   88.710394] raid6: avx2x4   gen() 28792 MB/s
[   88.847400] raid6: using algorithm avx2x4 gen() 28792 MB/s
[   89.017305] raid6: using avx2x2 recovery algorithm
[   89.140370] xor: automatically using best checksumming function:
[   89.369696]    avx       : 22114.000 MB/sec
[   89.535555] async_tx: api initialized (async)
[   89.690484] md: raid6 personality registered for level 6
[   89.857646] md: raid5 personality registered for level 5
[   90.034262] md: raid4 personality registered for level 4
[   90.211305] md: raid10 personality registered for level 10
done.
Begin: Running[   90.391899] Btrfs loaded
 /scripts/init-premount ... done[   90.510740] EXT4-fs (sda1): INFO: recovery required on readonly filesystem
.
Begin: Mounti[   90.767723] EXT4-fs (sda1): write access will be enabled during recovery
ng root file system ... Begin: R[   91.068481] EXT4-fs (sda1): recovery complete
unning /scripts/[   91.249278] EXT4-fs (sda1): mounted filesystem with ordered data mode. Opts: (null)
local-top ... done.
Begin: Running /scripts/local-premount ... Scanning for Btrfs filesystems
done.
Warning: fsck not present, so skipping root file system
done.
Begin: Running /scripts/local-bottom ... done.
Begin: Running /scripts/init-bottom ... done.
[   91.909876] systemd[1]: systemd 229 running in system mode. (+PAM +AUDIT +SELINUX +IMA +APPARMOR +SMACK +SYSVINIT +UTMP +LIBCRYPTSETUP +GCRYPT +GNUTLS +ACL +XZ -LZ4 +SECCOMP +BLKID +ELFUTILS +KMOD -IDN)
[   92.538623] systemd[1]: Detected virtualization oracle.
[   92.725574] systemd[1]: Detected architecture x86-64.
[   92.909752] random: nonblocking pool is initialized

Welcome to [1mUbuntu 16.04.4 LTS[0m!

[   93.147471] systemd[1]: Set hostname to <ubuntu-xenial>.
[   93.524031] systemd[1]: Listening on Journal Socket (/dev/log).
[[0;32m  OK  [0m] Listening on Journal Socket (/dev/log).
[   93.826539] systemd[1]: Started Trigger resolvconf update for networkd DNS.
[[0;32m  OK  [0m] Started Trigger resolvconf update for networkd DNS.
[   94.215138] systemd[1]: Created slice User and Session Slice.
[[0;32m  OK  [0m] Created slice User and Session Slice.
[   94.450654] systemd[1]: Reached target System Time Synchronized.
[[0;32m  OK  [0m] Reached target System Time Synchronized.
[   94.710667] systemd[1]: Listening on LVM2 metadata daemon socket.
[[0;32m  OK  [0m] Listening on LVM2 metadata daemon socket.
[   95.046530] systemd[1]: Listening on Device-mapper event daemon FIFOs.
[[0;32m  OK  [0m] Listening on Device-mapper event daemon FIFOs.
[   95.354261] systemd[1]: Listening on LVM2 poll daemon socket.
[[0;32m  OK  [0m] Listening on LVM2 poll daemon socket.
[   95.658621] systemd[1]: Listening on Journal Socket.
[[0;32m  OK  [0m] Listening on Journal Socket.
[   95.882501] systemd[1]: Reached target User and Group Name Lookups.
[[0;32m  OK  [0m] Reached target User and Group Name Lookups.
[   96.225743] systemd[1]: Listening on /dev/initctl Compatibility Named Pipe.
[[0;32m  OK  [0m] Listening on /dev/initctl Compatibility Named Pipe.
[   96.602650] systemd[1]: Listening on udev Kernel Socket.
[[0;32m  OK  [0m] Listening on udev Kernel Socket.
[   96.882324] systemd[1]: Created slice System Slice.
[[0;32m  OK  [0m] Created slice System Slice.
[   97.142271] systemd[1]: Starting Remount Root and Kernel File Systems...
[   97.164146] EXT4-fs (sda1): re-mounted. Opts: (null)
         Starting Remount Root and Kernel File Systems...
[   97.670219] systemd[1]: Reached target Slices.
[[0;32m  OK  [0m] Reached target Slices.
[   97.914071] systemd[1]: Starting Set console keymap...
         Starting Set console keymap...
[   98.190235] systemd[1]: Starting Monitoring of LVM2 mirrors, snapshots etc. using dmeventd or progress polling...
         Starting Monitoring of LVM2 mirrors... dmeventd or progress polling...
[   98.698205] systemd[1]: Mounting POSIX Message Queue File System...
         Mounting POSIX Message Queue File System...
[   99.018117] systemd[1]: Mounting Huge Pages File System...
         Mounting Huge Pages File System...
[   99.302140] systemd[1]: Starting Create list of required static device nodes for the current kernel...
         Starting Create list of required st... nodes for the current kernel...
[   99.784337] systemd[1]: Created slice system-serial\x2dgetty.slice.
[[0;32m  OK  [0m] Created slice system-serial\x2dgetty.slice.
[  100.096138] systemd[1]: Listening on udev Control Socket.
[[0;32m  OK  [0m] Listening on udev Control Socket.
[  100.406408] systemd[1]: Starting Uncomplicated firewall...
         Starting Uncomplicated firewall...
[  100.667252] systemd[1]: Started Forward Password Requests to Wall Directory Watch.
[[0;32m  OK  [0m] Started Forward Password Requests to Wall Directory Watch.
[  101.078169] systemd[1]: Listening on Syslog Socket.
[[0;32m  OK  [0m] Listening on Syslog Socket.
[  101.326841] systemd[1]: Reached target Swap.
[[0;32m  OK  [0m] Reached target Swap.
[  101.562032] systemd[1]: Mounting Debug File System...
         Mounting Debug File System...
[  101.791041] systemd[1]: Starting Load Kernel Modules...
[  1.975 Ldi iSIrapo css2.-870.          Startin[  102.530178] iscsi: registered transport (tcp)
g Load Kernel Modules...
[  102.716961] systemd[1]: Set up automount Arbitrary Executable File Formats File System Automount Point.
[[0;32m  OK  [0[  102.870824] iscsi: registered transport (iser)
m] Set up automount Arbitrary Executab...ats File System Automount Point.
[  103.115626] systemd[1]: Listening on Journal Audit Socket.
[[0;32m  OK  [0m] Listening on Journal Audit Socket.
[  103.294814] systemd[1]: Starting Journal Service...
         Starting Journal Service...
[  103.538757] systemd[1]: Starting Nameserver information manager...
         Starting Nameserver information manager...
[  103.814065] systemd[1]: Reached target Encrypted Volumes.
[[0;32m  OK  [0m] Reached target Encrypted Volumes.
[  104.106566] systemd[1]: Mounted POSIX Message Queue File System.
[[0;32m  OK  [0m] Mounted POSIX Message Queue File System.
[  104.339158] systemd[1]: Mounted Debug File System.
[[0;32m  OK  [0m] Mounted Debug File System.
[  104.595119] systemd[1]: Mounted Huge Pages File System.
[[0;32m  OK  [0m] Mounted Huge Pages File System.
[  104.858513] systemd[1]: Started Journal Service.
[[0;32m  OK  [0m] Started Journal Service.
[[0;32m  OK  [0m] Started Remount Root and Kernel File Systems.
[[0;32m  OK  [0m] Started Set console keymap.
[[0;32m  OK  [0m] Started Create list of required sta...ce nodes for the current kernel.
[[0;32m  OK  [0m] Started Uncomplicated firewall.
[[0;32m  OK  [0m] Started Load Kernel Modules.
[[0;32m  OK  [0m] Started Nameserver information manager.
[[0;32m  OK  [0m] Started LVM2 metadata daemon.
         Starting Apply Kernel Variables...
         Mounting FUSE Control File System...
         Starting Create Static Device Nodes in /dev...
         Starting Load/Save Random Seed...
         Starting udev Coldplug all Devices...
         Starting Flush Journal to Persistent Storage...
[[0;32m  OK  [0m] Mounted FUSE Control File System.
[[0;32m  OK  [0m] Started Monitoring of LVM2 mirrors,...ng dmeventd or progress polling.
[[0;32m  OK  [0m] Started Apply Kernel Variables.
[[0;32m  OK  [0m] Started Create Static Device Nodes in /dev.
[[0;32m  OK  [0m] Started Load/Save Random Seed.
[[0;32m  OK  [0m] Started udev Coldplug all Devices.
         Starting udev Kernel Device Manager...
[[0;32m  OK  [0m] Started Flush Journal to Persistent Storage.
[[0;32m  OK  [0m] Started udev Kernel Device Manager.
[[0;32m  OK  [0m] Found device /dev/ttyS0.
[[0;32m  OK  [0m] Reached target Local File Systems (Pre).
[[0;32m  OK  [0m] Reached target Local File Systems.
         Starting LSB: AppArmor initialization...
         Starting Set console font and keymap...
         Starting Tell Plymouth To Write Out Runtime Data...
         Starting Initial cloud-init job (pre-networking)...
[[0;32m  OK  [0m] Started Dispatch Password Requests to Console Directory Watch.
         Starting Create Volatile Files and Directories...
[[0;32m  OK  [0m] Started Set console font and keymap.
[[0;32m  OK  [0m] Started Tell Plymouth To Write Out Runtime Data.
[[0;32m  OK  [0m] Started Create Volatile Files and Directories.
[[0;32m  OK  [0m] Listening on Load/Save RF Kill Switch Status /dev/rfkill Watch.
         Starting Update UTMP about System Boot/Shutdown...
[[0;32m  OK  [0m] Created slice system-getty.slice.
[   57.136466] cloud-init[670]: Cloud-init v. 18.2 running 'init-local' at Fri, 08 Jun 2018 13:45:08 +0000. Up 56.92 seconds.
[[0;32m  OK  [0m] Started LSB: AppArmor initialization.
[[0;32m  OK  [0m] Started Initial cloud-init job (pre-networking).
[[0;32m  OK  [0m] Reached target Network (Pre).
[[0;32m  OK  [0m] Started ifup for enp0s3.
         Starting Raise network interfaces...
[[0;32m  OK  [0m] Started Update UTMP about System Boot/Shutdown.
[[0;32m  OK  [0m] Started Raise network interfaces.
[[0;32m  OK  [0m] Reached target Network.
         Starting Initial cloud-init job (metadata service crawler)...
[   58.614861] cloud-init[986]: Cloud-init v. 18.2 running 'init' at Fri, 08 Jun 2018 13:45:09 +0000. Up 58.35 seconds.
[[0;32m  OK  [0m] Started Initial cloud-init job (metadata service crawler).
[   58.831402] cloud-init[986]: ci-info: +++++++++++++++++++++++++++++++++++++Net device info+++++++++++++++++++++++++++++++++++++
[   59.185020] cloud-init[986]: ci-info: +--------+------+---------------------------+---------------+-------+-------------------+
[   59.368528] cloud-init[986]: ci-info: | Device |  Up  |          Address          |      Mask     | Scope |     Hw-Address    |
[   59.581494] cloud-init[986]: ci-info: +--------+------+---------------------------+---------------+-------+-------------------+
[[0;32m  OK  [0m[   59.768849] cloud-init[986]: ci-info: | enp0s3 | True |         10.0.2.15         | 255.255.255.0 |   .   | 02:ff:33:8f:0e:5d |
[   59.769004] cloud-init[986]: ci-info: | enp0s3 | True | fe80::ff:33ff:fe8f:e5d/64 |       .       |  link | 02:ff:33:8f:0e:5d |
[   59.769115] cloud-init[986]: ci-info: |   lo   | True |         127.0.0.1         |   255.0.0.0   |   .   |         .         |
[   59.769218] cloud-init[986]: ci-info: |   lo   | True |          ::1/128          |       .       |  host |         .         |
[   59.769319] cloud-init[986]: ci-info: +--------+------+---------------------------+---------------+-------+-------------------+
[   59.769420] cloud-init[986]: ci-info: +++++++++++++++++++++++++++Route IPv4 info++++++++++++++++++++++++++++
[   59.769537] cloud-init[986]: ci-info: +-------+-------------+----------+---------------+-----------+-------+
[   59.769622] cloud-init[986]: ci-info: | Route | Destination | Gateway  |    Genmask    | Interface | Flags |
[   59.769649] cloud-init[986]: ci-info: +-------+-------------+----------+---------------+-----------+-------+
[   59.769675] cloud-init[986]: ci-info: |   0   |   0.0.0.0   | 10.0.2.2 |    0.0.0.0    |   enp0s3  |   UG  |
[   59.769702] cloud-init[986]: ci-info: |   1   |   10.0.2.0  | 0.0.0.0  | 255.255.255.0 |   enp0s3  |   U   |
[   59.769728] cloud-init[986]: ci-info: +-------+-------------+----------+---------------+-----------+-------+
] Reached target Network is Online.
         Starting iSCSI initiator daemon (iscsid)...
[[0;32m  OK  [0m] Reached target System Initialization.
         Starting LXD - unix socket.
[[0;32m  OK  [0m] Listening on ACPID Listen Socket.
[[0;32m  OK  [0m] Started ACPI Events Check.
[[0;32m  OK  [0m] Reached target Paths.
         Starting Socket activation for snappy daemon.
[[0;32m  OK  [0m] Listening on UUID daemon activation socket.
[[0;32m  OK  [0m] Started Daily apt download activities.
[[0;32m  OK  [0m] Started Daily apt upgrade and clean activities.
[[0;32m  OK  [0m] Listening on D-Bus System Message Bus Socket.
[[0;32m  OK  [0m] Started Daily Cleanup of Temporary Directories.
[[0;32m  OK  [0m] Reached target Timers.
[[0;32m  OK  [0m] Reached target Cloud-config availability.
[[0;32m  OK  [0m] Listening on LXD - unix socket.
[[0;32m  OK  [0m] Listening on Socket activation for snappy daemon.
[[0;32m  OK  [0m] Started iSCSI initiator daemon (iscsid).
         Starting Login to default iSCSI targets...
[[0;32m  OK  [0m] Reached target Sockets.
[[0;32m  OK  [0m] Reached target Basic System.
         Starting Accounts Service...
         Starting LXD - container startup/shutdown...
         Starting Virtualbox guest utils...
[[0;32m  OK  [0m] Started Regular background program processing daemon.
[[0;32m  OK  [0m] Started ACPI event daemon.
[[0;32m  OK  [0m] Started Deferred execution scheduler.
[[0;32m  OK  [0m] Started FUSE filesystem for LXC.
         Starting Apply the settings specified in cloud-config...
         Starting System Logging Service...
[[0;32m  OK  [0m] Started Unattended Upgrades Shutdown.
         Starting Login Service...
[[0;32m  OK  [0m] Started D-Bus System Message Bus.
         Starting /etc/rc.local Compatibility...
         Starting LSB: Record successful boot for GRUB...
         Starting LSB: MD monitoring daemon...
[   65.320423] cloud-init[1073]: Cloud-init v. 18.2 running 'modules:config' at Fri, 08 Jun 2018 13:45:16 +0000. Up 65.21 seconds.
         Starting OpenBSD Secure Shell server...
         Starting Snappy daemon...
[[0;32m  OK  [0m] Started System Logging Service.
[[0;32m  OK  [0m] Started OpenBSD Secure Shell server.
[[0;32m  OK  [0m] Started LXD - container startup/shutdown.
[[0;32m  OK  [0m] Started Apply the settings specified in cloud-config.
[[0;32m  OK  [0m] Started /etc/rc.local Compatibility.
[[0;32m  OK  [0m] Started Snappy daemon.
[[0;32m  OK  [0m] Started Login to default iSCSI targets.
[[0;32m  OK  [0m] Started LSB: Record successful boot for GRUB.
[[0;32m  OK  [0m] Started Virtualbox guest utils.
[[0;32m  OK  [0m] Started LSB: MD monitoring daemon.
[[0;32m  OK  [0m] Started Login Service.
         Starting Authenticate and Authorize Users to Run Privileged Tasks...
[[0;32m  OK  [0m] Reached target Remote File Systems (Pre).
[[0;32m  OK  [0m] Reached target Remote File Systems.
         Starting LSB: daemon to balance interrupts for SMP systems...
         Starting LSB: Set the CPU Frequency Scaling governor to "ondemand"...
         Starting Permit User Sessions...
         Starting LSB: automatic crash report generation...
         Starting Wait until snapd is fully seeded...
[[0;32m  OK  [0m] Started Permit User Sessions.
[[0;32m  OK  [0m] Started Wait until snapd is fully seeded.
[[0;32m  OK  [0m] Started Authenticate and Authorize Users to Run Privileged Tasks.
[[0;32m  OK  [0m] Started Accounts Service.
[[0;32m  OK  [0m] Started LSB: Set the CPU Frequency Scaling governor to "ondemand".
[[0;32m  OK  [0m] Started LSB: daemon to balance interrupts for SMP systems.
         Starting Terminate Plymouth Boot Screen...
         Starting Hold until boot process finishes up...
[[0;32m  OK  [0m] Started LSB: automatic crash report generation.
[[0;32m  OK  [0m] Started Terminate Plymouth Boot Screen.
[[0;32m  OK  [0m] Started Hold until boot process finishes up.
[[0;32m  OK  [0m] Started Serial Getty on ttyS0.
         Starting Set console scheme...
[[0;32m  OK  [0m] Started Getty on tty1.
[[0;32m  OK  [0m] Reached target Login Prompts.
[[0;32m  OK  [0m] Reached target Multi-User System.
[[0;32m  OK  [0m] Reached target Graphical Interface.
         Starting Update UTMP about System Runlevel Changes...
         Starting Execute cloud user/final scripts...
[[0;32m  OK  [0m] Started Set console scheme.
[[0;32m  OK  [0m] Started Update UTMP about System Runlevel Changes.
[[0;32m  OK  [0m] Created slice User Slice of vagrant.
[   68.562553] cloud-init[1223]: Cloud-init v. 18.2 running 'modules:final' at Fri, 08 Jun 2018 13:45:19 +0000. Up 68.45 seconds.
[[0;32m  OK  [0m] Started Session 1 of user vagrant.
[   68.735663] cloud-init[1223]: Cloud-init v. 18.2 finished at Fri, 08 Jun 2018 13:45:20 +0000. Datasource DataSourceNoCloud [seed=/dev/sdb][dsmode=net].  Up 68.55 seconds
         Starting User Manager for UID 1000...
[[0;32m  OK  [0m] Started User Manager for UID 1000.
[[0;32m  OK  [0m] Started Execute cloud user/final scripts.
[[0;32m  OK  [0m] Reached target Cloud-init target.

Ubuntu 16.04.4 LTS ubuntu-xenial ttyS0

ubuntu-xenial login: 